[01-Apr-2025 14:41:51 UTC] PHP Deprecated:  Function get_page_by_title is <strong>deprecated</strong> since version 6.2.0! Use WP_Query instead. in /Users/ivannikolic/Sites/split-airport/wp-includes/functions.php on line 6114
[01-Apr-2025 14:41:51 UTC] PHP Deprecated:  Function get_page_by_title is <strong>deprecated</strong> since version 6.2.0! Use WP_Query instead. in /Users/ivannikolic/Sites/split-airport/wp-includes/functions.php on line 6114
[01-Apr-2025 14:41:51 UTC] PHP Deprecated:  Function get_page_by_title is <strong>deprecated</strong> since version 6.2.0! Use WP_Query instead. in /Users/ivannikolic/Sites/split-airport/wp-includes/functions.php on line 6114
[01-Apr-2025 14:41:51 UTC] PHP Deprecated:  Function get_page_by_title is <strong>deprecated</strong> since version 6.2.0! Use WP_Query instead. in /Users/ivannikolic/Sites/split-airport/wp-includes/functions.php on line 6114
[01-Apr-2025 14:41:51 UTC] PHP Deprecated:  Function get_page_by_title is <strong>deprecated</strong> since version 6.2.0! Use WP_Query instead. in /Users/ivannikolic/Sites/split-airport/wp-includes/functions.php on line 6114
[01-Apr-2025 14:41:51 UTC] PHP Deprecated:  Function get_page_by_title is <strong>deprecated</strong> since version 6.2.0! Use WP_Query instead. in /Users/ivannikolic/Sites/split-airport/wp-includes/functions.php on line 6114
[01-Apr-2025 14:41:51 UTC] PHP Deprecated:  Function get_page_by_title is <strong>deprecated</strong> since version 6.2.0! Use WP_Query instead. in /Users/ivannikolic/Sites/split-airport/wp-includes/functions.php on line 6114
[01-Apr-2025 14:41:51 UTC] PHP Deprecated:  Function get_page_by_title is <strong>deprecated</strong> since version 6.2.0! Use WP_Query instead. in /Users/ivannikolic/Sites/split-airport/wp-includes/functions.php on line 6114
[01-Apr-2025 14:41:51 UTC] PHP Deprecated:  Function get_page_by_title is <strong>deprecated</strong> since version 6.2.0! Use WP_Query instead. in /Users/ivannikolic/Sites/split-airport/wp-includes/functions.php on line 6114
[01-Apr-2025 14:41:51 UTC] PHP Deprecated:  Function get_page_by_title is <strong>deprecated</strong> since version 6.2.0! Use WP_Query instead. in /Users/ivannikolic/Sites/split-airport/wp-includes/functions.php on line 6114
[01-Apr-2025 14:41:51 UTC] PHP Deprecated:  Function get_page_by_title is <strong>deprecated</strong> since version 6.2.0! Use WP_Query instead. in /Users/ivannikolic/Sites/split-airport/wp-includes/functions.php on line 6114
[01-Apr-2025 14:41:51 UTC] PHP Deprecated:  Function get_page_by_title is <strong>deprecated</strong> since version 6.2.0! Use WP_Query instead. in /Users/ivannikolic/Sites/split-airport/wp-includes/functions.php on line 6114
[01-Apr-2025 14:41:51 UTC] PHP Deprecated:  Function get_page_by_title is <strong>deprecated</strong> since version 6.2.0! Use WP_Query instead. in /Users/ivannikolic/Sites/split-airport/wp-includes/functions.php on line 6114
[01-Apr-2025 14:41:51 UTC] PHP Deprecated:  Function get_page_by_title is <strong>deprecated</strong> since version 6.2.0! Use WP_Query instead. in /Users/ivannikolic/Sites/split-airport/wp-includes/functions.php on line 6114
[01-Apr-2025 14:41:51 UTC] PHP Deprecated:  Function get_page_by_title is <strong>deprecated</strong> since version 6.2.0! Use WP_Query instead. in /Users/ivannikolic/Sites/split-airport/wp-includes/functions.php on line 6114
[01-Apr-2025 14:41:51 UTC] PHP Deprecated:  Function get_page_by_title is <strong>deprecated</strong> since version 6.2.0! Use WP_Query instead. in /Users/ivannikolic/Sites/split-airport/wp-includes/functions.php on line 6114
[01-Apr-2025 14:41:51 UTC] PHP Deprecated:  Function get_page_by_title is <strong>deprecated</strong> since version 6.2.0! Use WP_Query instead. in /Users/ivannikolic/Sites/split-airport/wp-includes/functions.php on line 6114
[01-Apr-2025 14:41:51 UTC] PHP Deprecated:  Function get_page_by_title is <strong>deprecated</strong> since version 6.2.0! Use WP_Query instead. in /Users/ivannikolic/Sites/split-airport/wp-includes/functions.php on line 6114
[01-Apr-2025 14:42:00 UTC] PHP Deprecated:  Function get_page_by_title is <strong>deprecated</strong> since version 6.2.0! Use WP_Query instead. in /Users/ivannikolic/Sites/split-airport/wp-includes/functions.php on line 6114
[01-Apr-2025 14:42:00 UTC] PHP Deprecated:  Function get_page_by_title is <strong>deprecated</strong> since version 6.2.0! Use WP_Query instead. in /Users/ivannikolic/Sites/split-airport/wp-includes/functions.php on line 6114
[01-Apr-2025 14:42:00 UTC] PHP Deprecated:  Function get_page_by_title is <strong>deprecated</strong> since version 6.2.0! Use WP_Query instead. in /Users/ivannikolic/Sites/split-airport/wp-includes/functions.php on line 6114
[01-Apr-2025 14:42:00 UTC] PHP Deprecated:  Function get_page_by_title is <strong>deprecated</strong> since version 6.2.0! Use WP_Query instead. in /Users/ivannikolic/Sites/split-airport/wp-includes/functions.php on line 6114
[01-Apr-2025 14:42:00 UTC] PHP Deprecated:  Function get_page_by_title is <strong>deprecated</strong> since version 6.2.0! Use WP_Query instead. in /Users/ivannikolic/Sites/split-airport/wp-includes/functions.php on line 6114
[01-Apr-2025 14:42:00 UTC] PHP Deprecated:  Function get_page_by_title is <strong>deprecated</strong> since version 6.2.0! Use WP_Query instead. in /Users/ivannikolic/Sites/split-airport/wp-includes/functions.php on line 6114
[01-Apr-2025 14:42:00 UTC] PHP Deprecated:  Function get_page_by_title is <strong>deprecated</strong> since version 6.2.0! Use WP_Query instead. in /Users/ivannikolic/Sites/split-airport/wp-includes/functions.php on line 6114
[01-Apr-2025 14:42:00 UTC] PHP Deprecated:  Function get_page_by_title is <strong>deprecated</strong> since version 6.2.0! Use WP_Query instead. in /Users/ivannikolic/Sites/split-airport/wp-includes/functions.php on line 6114
[01-Apr-2025 14:42:00 UTC] PHP Deprecated:  Function get_page_by_title is <strong>deprecated</strong> since version 6.2.0! Use WP_Query instead. in /Users/ivannikolic/Sites/split-airport/wp-includes/functions.php on line 6114
[01-Apr-2025 14:42:00 UTC] PHP Fatal error:  Uncaught TypeError: Cannot access offset of type string on string in /Users/ivannikolic/Sites/split-airport/wp-content/themes/split-airport-theme/blocks/transportation/transportation.php:79
Stack trace:
#0 /Users/ivannikolic/Sites/split-airport/wp-content/plugins/advanced-custom-fields-pro/pro/blocks.php(738): include()
#1 /Users/ivannikolic/Sites/split-airport/wp-includes/class-wp-hook.php(324): acf_block_render_template(Array, '', false, 254, Object(WP_Block), Array)
#2 /Users/ivannikolic/Sites/split-airport/wp-includes/class-wp-hook.php(348): WP_Hook->apply_filters('', Array)
#3 /Users/ivannikolic/Sites/split-airport/wp-includes/plugin.php(517): WP_Hook->do_action(Array)
#4 /Users/ivannikolic/Sites/split-airport/wp-content/plugins/advanced-custom-fields-pro/pro/blocks.php(712): do_action('acf_block_rende...', Array, '', false, 254, Object(WP_Block), Array)
#5 /Users/ivannikolic/Sites/split-airport/wp-content/plugins/advanced-custom-fields-pro/pro/blocks.php(610): acf_render_block(Array, '', false, 254, Object(WP_Block), Array)
#6 /Users/ivannikolic/Sites/split-airport/wp-content/plugins/advanced-custom-fields-pro/pro/blocks.php(533): acf_rendered_block(Array, '', false, 254, Object(WP_Block))
#7 /Users/ivannikolic/Sites/split-airport/wp-includes/class-wp-block.php(537): acf_render_block_callback(Array, '', Object(WP_Block))
#8 /Users/ivannikolic/Sites/split-airport/wp-includes/blocks.php(2191): WP_Block->render()
#9 /Users/ivannikolic/Sites/split-airport/wp-includes/blocks.php(2243): render_block(Array)
#10 /Users/ivannikolic/Sites/split-airport/wp-includes/class-wp-hook.php(324): do_blocks('<!-- wp:acf/blo...')
#11 /Users/ivannikolic/Sites/split-airport/wp-includes/plugin.php(205): WP_Hook->apply_filters('<!-- wp:acf/blo...', Array)
#12 /Users/ivannikolic/Sites/split-airport/wp-includes/post-template.php(256): apply_filters('the_content', '<!-- wp:acf/blo...')
#13 /Users/ivannikolic/Sites/split-airport/wp-content/themes/split-airport-theme/template-parts/content-page.php(12): the_content()
#14 /Users/ivannikolic/Sites/split-airport/wp-includes/template.php(812): require('/Users/ivanniko...')
#15 /Users/ivannikolic/Sites/split-airport/wp-includes/template.php(745): load_template('/Users/ivanniko...', false, Array)
#16 /Users/ivannikolic/Sites/split-airport/wp-includes/general-template.php(206): locate_template(Array, true, false, Array)
#17 /Users/ivannikolic/Sites/split-airport/wp-content/themes/split-airport-theme/page.php(22): get_template_part('template-parts/...', 'page')
#18 /Users/ivannikolic/Sites/split-airport/wp-includes/template-loader.php(106): include('/Users/ivanniko...')
#19 /Users/ivannikolic/Sites/split-airport/wp-blog-header.php(19): require_once('/Users/ivanniko...')
#20 /Users/ivannikolic/Sites/split-airport/index.php(17): require('/Users/ivanniko...')
#21 {main}
  thrown in /Users/ivannikolic/Sites/split-airport/wp-content/themes/split-airport-theme/blocks/transportation/transportation.php on line 79
[01-Apr-2025 14:42:02 UTC] PHP Deprecated:  Function get_page_by_title is <strong>deprecated</strong> since version 6.2.0! Use WP_Query instead. in /Users/ivannikolic/Sites/split-airport/wp-includes/functions.php on line 6114
[01-Apr-2025 14:42:02 UTC] PHP Deprecated:  Function get_page_by_title is <strong>deprecated</strong> since version 6.2.0! Use WP_Query instead. in /Users/ivannikolic/Sites/split-airport/wp-includes/functions.php on line 6114
[01-Apr-2025 14:42:02 UTC] PHP Deprecated:  Function get_page_by_title is <strong>deprecated</strong> since version 6.2.0! Use WP_Query instead. in /Users/ivannikolic/Sites/split-airport/wp-includes/functions.php on line 6114
[01-Apr-2025 14:42:02 UTC] PHP Deprecated:  Function get_page_by_title is <strong>deprecated</strong> since version 6.2.0! Use WP_Query instead. in /Users/ivannikolic/Sites/split-airport/wp-includes/functions.php on line 6114
[01-Apr-2025 14:42:02 UTC] PHP Deprecated:  Function get_page_by_title is <strong>deprecated</strong> since version 6.2.0! Use WP_Query instead. in /Users/ivannikolic/Sites/split-airport/wp-includes/functions.php on line 6114
[01-Apr-2025 14:42:02 UTC] PHP Deprecated:  Function get_page_by_title is <strong>deprecated</strong> since version 6.2.0! Use WP_Query instead. in /Users/ivannikolic/Sites/split-airport/wp-includes/functions.php on line 6114
[01-Apr-2025 14:42:02 UTC] PHP Deprecated:  Function get_page_by_title is <strong>deprecated</strong> since version 6.2.0! Use WP_Query instead. in /Users/ivannikolic/Sites/split-airport/wp-includes/functions.php on line 6114
[01-Apr-2025 14:42:02 UTC] PHP Deprecated:  Function get_page_by_title is <strong>deprecated</strong> since version 6.2.0! Use WP_Query instead. in /Users/ivannikolic/Sites/split-airport/wp-includes/functions.php on line 6114
[01-Apr-2025 14:42:02 UTC] PHP Deprecated:  Function get_page_by_title is <strong>deprecated</strong> since version 6.2.0! Use WP_Query instead. in /Users/ivannikolic/Sites/split-airport/wp-includes/functions.php on line 6114
[01-Apr-2025 14:42:46 UTC] PHP Deprecated:  Function get_page_by_title is <strong>deprecated</strong> since version 6.2.0! Use WP_Query instead. in /Users/ivannikolic/Sites/split-airport/wp-includes/functions.php on line 6114
[01-Apr-2025 14:42:46 UTC] PHP Deprecated:  Function get_page_by_title is <strong>deprecated</strong> since version 6.2.0! Use WP_Query instead. in /Users/ivannikolic/Sites/split-airport/wp-includes/functions.php on line 6114
[01-Apr-2025 14:42:46 UTC] PHP Deprecated:  Function get_page_by_title is <strong>deprecated</strong> since version 6.2.0! Use WP_Query instead. in /Users/ivannikolic/Sites/split-airport/wp-includes/functions.php on line 6114
[01-Apr-2025 14:42:46 UTC] PHP Deprecated:  Function get_page_by_title is <strong>deprecated</strong> since version 6.2.0! Use WP_Query instead. in /Users/ivannikolic/Sites/split-airport/wp-includes/functions.php on line 6114
[01-Apr-2025 14:42:46 UTC] PHP Deprecated:  Function get_page_by_title is <strong>deprecated</strong> since version 6.2.0! Use WP_Query instead. in /Users/ivannikolic/Sites/split-airport/wp-includes/functions.php on line 6114
[01-Apr-2025 14:42:46 UTC] PHP Deprecated:  Function get_page_by_title is <strong>deprecated</strong> since version 6.2.0! Use WP_Query instead. in /Users/ivannikolic/Sites/split-airport/wp-includes/functions.php on line 6114
[01-Apr-2025 14:42:46 UTC] PHP Deprecated:  Function get_page_by_title is <strong>deprecated</strong> since version 6.2.0! Use WP_Query instead. in /Users/ivannikolic/Sites/split-airport/wp-includes/functions.php on line 6114
[01-Apr-2025 14:42:46 UTC] PHP Deprecated:  Function get_page_by_title is <strong>deprecated</strong> since version 6.2.0! Use WP_Query instead. in /Users/ivannikolic/Sites/split-airport/wp-includes/functions.php on line 6114
[01-Apr-2025 14:42:46 UTC] PHP Deprecated:  Function get_page_by_title is <strong>deprecated</strong> since version 6.2.0! Use WP_Query instead. in /Users/ivannikolic/Sites/split-airport/wp-includes/functions.php on line 6114
[01-Apr-2025 14:42:56 UTC] PHP Deprecated:  Function get_page_by_title is <strong>deprecated</strong> since version 6.2.0! Use WP_Query instead. in /Users/ivannikolic/Sites/split-airport/wp-includes/functions.php on line 6114
[01-Apr-2025 14:42:56 UTC] PHP Deprecated:  Function get_page_by_title is <strong>deprecated</strong> since version 6.2.0! Use WP_Query instead. in /Users/ivannikolic/Sites/split-airport/wp-includes/functions.php on line 6114
[01-Apr-2025 14:42:56 UTC] PHP Deprecated:  Function get_page_by_title is <strong>deprecated</strong> since version 6.2.0! Use WP_Query instead. in /Users/ivannikolic/Sites/split-airport/wp-includes/functions.php on line 6114
[01-Apr-2025 14:42:56 UTC] PHP Deprecated:  Function get_page_by_title is <strong>deprecated</strong> since version 6.2.0! Use WP_Query instead. in /Users/ivannikolic/Sites/split-airport/wp-includes/functions.php on line 6114
[01-Apr-2025 14:42:56 UTC] PHP Deprecated:  Function get_page_by_title is <strong>deprecated</strong> since version 6.2.0! Use WP_Query instead. in /Users/ivannikolic/Sites/split-airport/wp-includes/functions.php on line 6114
[01-Apr-2025 14:42:56 UTC] PHP Deprecated:  Function get_page_by_title is <strong>deprecated</strong> since version 6.2.0! Use WP_Query instead. in /Users/ivannikolic/Sites/split-airport/wp-includes/functions.php on line 6114
[01-Apr-2025 14:42:56 UTC] PHP Deprecated:  Function get_page_by_title is <strong>deprecated</strong> since version 6.2.0! Use WP_Query instead. in /Users/ivannikolic/Sites/split-airport/wp-includes/functions.php on line 6114
[01-Apr-2025 14:42:56 UTC] PHP Deprecated:  Function get_page_by_title is <strong>deprecated</strong> since version 6.2.0! Use WP_Query instead. in /Users/ivannikolic/Sites/split-airport/wp-includes/functions.php on line 6114
[01-Apr-2025 14:42:56 UTC] PHP Deprecated:  Function get_page_by_title is <strong>deprecated</strong> since version 6.2.0! Use WP_Query instead. in /Users/ivannikolic/Sites/split-airport/wp-includes/functions.php on line 6114
[01-Apr-2025 14:43:05 UTC] PHP Deprecated:  Function get_page_by_title is <strong>deprecated</strong> since version 6.2.0! Use WP_Query instead. in /Users/ivannikolic/Sites/split-airport/wp-includes/functions.php on line 6114
[01-Apr-2025 14:43:05 UTC] PHP Deprecated:  Function get_page_by_title is <strong>deprecated</strong> since version 6.2.0! Use WP_Query instead. in /Users/ivannikolic/Sites/split-airport/wp-includes/functions.php on line 6114
[01-Apr-2025 14:43:05 UTC] PHP Deprecated:  Function get_page_by_title is <strong>deprecated</strong> since version 6.2.0! Use WP_Query instead. in /Users/ivannikolic/Sites/split-airport/wp-includes/functions.php on line 6114
[01-Apr-2025 14:43:05 UTC] PHP Deprecated:  Function get_page_by_title is <strong>deprecated</strong> since version 6.2.0! Use WP_Query instead. in /Users/ivannikolic/Sites/split-airport/wp-includes/functions.php on line 6114
[01-Apr-2025 14:43:05 UTC] PHP Deprecated:  Function get_page_by_title is <strong>deprecated</strong> since version 6.2.0! Use WP_Query instead. in /Users/ivannikolic/Sites/split-airport/wp-includes/functions.php on line 6114
[01-Apr-2025 14:43:05 UTC] PHP Deprecated:  Function get_page_by_title is <strong>deprecated</strong> since version 6.2.0! Use WP_Query instead. in /Users/ivannikolic/Sites/split-airport/wp-includes/functions.php on line 6114
[01-Apr-2025 14:43:05 UTC] PHP Deprecated:  Function get_page_by_title is <strong>deprecated</strong> since version 6.2.0! Use WP_Query instead. in /Users/ivannikolic/Sites/split-airport/wp-includes/functions.php on line 6114
[01-Apr-2025 14:43:05 UTC] PHP Deprecated:  Function get_page_by_title is <strong>deprecated</strong> since version 6.2.0! Use WP_Query instead. in /Users/ivannikolic/Sites/split-airport/wp-includes/functions.php on line 6114
[01-Apr-2025 14:43:05 UTC] PHP Deprecated:  Function get_page_by_title is <strong>deprecated</strong> since version 6.2.0! Use WP_Query instead. in /Users/ivannikolic/Sites/split-airport/wp-includes/functions.php on line 6114
[01-Apr-2025 14:44:57 UTC] PHP Deprecated:  Function get_page_by_title is <strong>deprecated</strong> since version 6.2.0! Use WP_Query instead. in /Users/ivannikolic/Sites/split-airport/wp-includes/functions.php on line 6114
[01-Apr-2025 14:44:57 UTC] PHP Deprecated:  Function get_page_by_title is <strong>deprecated</strong> since version 6.2.0! Use WP_Query instead. in /Users/ivannikolic/Sites/split-airport/wp-includes/functions.php on line 6114
[01-Apr-2025 14:44:57 UTC] PHP Deprecated:  Function get_page_by_title is <strong>deprecated</strong> since version 6.2.0! Use WP_Query instead. in /Users/ivannikolic/Sites/split-airport/wp-includes/functions.php on line 6114
[01-Apr-2025 14:44:57 UTC] PHP Deprecated:  Function get_page_by_title is <strong>deprecated</strong> since version 6.2.0! Use WP_Query instead. in /Users/ivannikolic/Sites/split-airport/wp-includes/functions.php on line 6114
[01-Apr-2025 14:44:57 UTC] PHP Deprecated:  Function get_page_by_title is <strong>deprecated</strong> since version 6.2.0! Use WP_Query instead. in /Users/ivannikolic/Sites/split-airport/wp-includes/functions.php on line 6114
[01-Apr-2025 14:44:57 UTC] PHP Deprecated:  Function get_page_by_title is <strong>deprecated</strong> since version 6.2.0! Use WP_Query instead. in /Users/ivannikolic/Sites/split-airport/wp-includes/functions.php on line 6114
[01-Apr-2025 14:44:57 UTC] PHP Deprecated:  Function get_page_by_title is <strong>deprecated</strong> since version 6.2.0! Use WP_Query instead. in /Users/ivannikolic/Sites/split-airport/wp-includes/functions.php on line 6114
[01-Apr-2025 14:44:57 UTC] PHP Deprecated:  Function get_page_by_title is <strong>deprecated</strong> since version 6.2.0! Use WP_Query instead. in /Users/ivannikolic/Sites/split-airport/wp-includes/functions.php on line 6114
[01-Apr-2025 14:44:57 UTC] PHP Deprecated:  Function get_page_by_title is <strong>deprecated</strong> since version 6.2.0! Use WP_Query instead. in /Users/ivannikolic/Sites/split-airport/wp-includes/functions.php on line 6114
[01-Apr-2025 14:46:08 UTC] PHP Deprecated:  Function get_page_by_title is <strong>deprecated</strong> since version 6.2.0! Use WP_Query instead. in /Users/ivannikolic/Sites/split-airport/wp-includes/functions.php on line 6114
[01-Apr-2025 14:46:08 UTC] PHP Deprecated:  Function get_page_by_title is <strong>deprecated</strong> since version 6.2.0! Use WP_Query instead. in /Users/ivannikolic/Sites/split-airport/wp-includes/functions.php on line 6114
[01-Apr-2025 14:46:08 UTC] PHP Deprecated:  Function get_page_by_title is <strong>deprecated</strong> since version 6.2.0! Use WP_Query instead. in /Users/ivannikolic/Sites/split-airport/wp-includes/functions.php on line 6114
[01-Apr-2025 14:46:08 UTC] PHP Deprecated:  Function get_page_by_title is <strong>deprecated</strong> since version 6.2.0! Use WP_Query instead. in /Users/ivannikolic/Sites/split-airport/wp-includes/functions.php on line 6114
[01-Apr-2025 14:46:08 UTC] PHP Deprecated:  Function get_page_by_title is <strong>deprecated</strong> since version 6.2.0! Use WP_Query instead. in /Users/ivannikolic/Sites/split-airport/wp-includes/functions.php on line 6114
[01-Apr-2025 14:46:08 UTC] PHP Deprecated:  Function get_page_by_title is <strong>deprecated</strong> since version 6.2.0! Use WP_Query instead. in /Users/ivannikolic/Sites/split-airport/wp-includes/functions.php on line 6114
[01-Apr-2025 14:46:08 UTC] PHP Deprecated:  Function get_page_by_title is <strong>deprecated</strong> since version 6.2.0! Use WP_Query instead. in /Users/ivannikolic/Sites/split-airport/wp-includes/functions.php on line 6114
[01-Apr-2025 14:46:08 UTC] PHP Deprecated:  Function get_page_by_title is <strong>deprecated</strong> since version 6.2.0! Use WP_Query instead. in /Users/ivannikolic/Sites/split-airport/wp-includes/functions.php on line 6114
[01-Apr-2025 14:46:08 UTC] PHP Deprecated:  Function get_page_by_title is <strong>deprecated</strong> since version 6.2.0! Use WP_Query instead. in /Users/ivannikolic/Sites/split-airport/wp-includes/functions.php on line 6114
[01-Apr-2025 14:46:11 UTC] PHP Deprecated:  Function get_page_by_title is <strong>deprecated</strong> since version 6.2.0! Use WP_Query instead. in /Users/ivannikolic/Sites/split-airport/wp-includes/functions.php on line 6114
[01-Apr-2025 14:46:11 UTC] PHP Deprecated:  Function get_page_by_title is <strong>deprecated</strong> since version 6.2.0! Use WP_Query instead. in /Users/ivannikolic/Sites/split-airport/wp-includes/functions.php on line 6114
[01-Apr-2025 14:46:11 UTC] PHP Deprecated:  Function get_page_by_title is <strong>deprecated</strong> since version 6.2.0! Use WP_Query instead. in /Users/ivannikolic/Sites/split-airport/wp-includes/functions.php on line 6114
[01-Apr-2025 14:46:11 UTC] PHP Deprecated:  Function get_page_by_title is <strong>deprecated</strong> since version 6.2.0! Use WP_Query instead. in /Users/ivannikolic/Sites/split-airport/wp-includes/functions.php on line 6114
[01-Apr-2025 14:46:11 UTC] PHP Deprecated:  Function get_page_by_title is <strong>deprecated</strong> since version 6.2.0! Use WP_Query instead. in /Users/ivannikolic/Sites/split-airport/wp-includes/functions.php on line 6114
[01-Apr-2025 14:46:11 UTC] PHP Deprecated:  Function get_page_by_title is <strong>deprecated</strong> since version 6.2.0! Use WP_Query instead. in /Users/ivannikolic/Sites/split-airport/wp-includes/functions.php on line 6114
[01-Apr-2025 14:46:11 UTC] PHP Deprecated:  Function get_page_by_title is <strong>deprecated</strong> since version 6.2.0! Use WP_Query instead. in /Users/ivannikolic/Sites/split-airport/wp-includes/functions.php on line 6114
[01-Apr-2025 14:46:11 UTC] PHP Deprecated:  Function get_page_by_title is <strong>deprecated</strong> since version 6.2.0! Use WP_Query instead. in /Users/ivannikolic/Sites/split-airport/wp-includes/functions.php on line 6114
[01-Apr-2025 14:46:11 UTC] PHP Deprecated:  Function get_page_by_title is <strong>deprecated</strong> since version 6.2.0! Use WP_Query instead. in /Users/ivannikolic/Sites/split-airport/wp-includes/functions.php on line 6114
[01-Apr-2025 14:46:12 UTC] PHP Deprecated:  Function get_page_by_title is <strong>deprecated</strong> since version 6.2.0! Use WP_Query instead. in /Users/ivannikolic/Sites/split-airport/wp-includes/functions.php on line 6114
[01-Apr-2025 14:46:12 UTC] PHP Deprecated:  Function get_page_by_title is <strong>deprecated</strong> since version 6.2.0! Use WP_Query instead. in /Users/ivannikolic/Sites/split-airport/wp-includes/functions.php on line 6114
[01-Apr-2025 14:46:12 UTC] PHP Deprecated:  Function get_page_by_title is <strong>deprecated</strong> since version 6.2.0! Use WP_Query instead. in /Users/ivannikolic/Sites/split-airport/wp-includes/functions.php on line 6114
[01-Apr-2025 14:46:12 UTC] PHP Deprecated:  Function get_page_by_title is <strong>deprecated</strong> since version 6.2.0! Use WP_Query instead. in /Users/ivannikolic/Sites/split-airport/wp-includes/functions.php on line 6114
[01-Apr-2025 14:46:12 UTC] PHP Deprecated:  Function get_page_by_title is <strong>deprecated</strong> since version 6.2.0! Use WP_Query instead. in /Users/ivannikolic/Sites/split-airport/wp-includes/functions.php on line 6114
[01-Apr-2025 14:46:12 UTC] PHP Deprecated:  Function get_page_by_title is <strong>deprecated</strong> since version 6.2.0! Use WP_Query instead. in /Users/ivannikolic/Sites/split-airport/wp-includes/functions.php on line 6114
[01-Apr-2025 14:46:12 UTC] PHP Deprecated:  Function get_page_by_title is <strong>deprecated</strong> since version 6.2.0! Use WP_Query instead. in /Users/ivannikolic/Sites/split-airport/wp-includes/functions.php on line 6114
[01-Apr-2025 14:46:12 UTC] PHP Deprecated:  Function get_page_by_title is <strong>deprecated</strong> since version 6.2.0! Use WP_Query instead. in /Users/ivannikolic/Sites/split-airport/wp-includes/functions.php on line 6114
[01-Apr-2025 14:46:12 UTC] PHP Deprecated:  Function get_page_by_title is <strong>deprecated</strong> since version 6.2.0! Use WP_Query instead. in /Users/ivannikolic/Sites/split-airport/wp-includes/functions.php on line 6114
[01-Apr-2025 14:46:12 UTC] PHP Deprecated:  Function get_page_by_title is <strong>deprecated</strong> since version 6.2.0! Use WP_Query instead. in /Users/ivannikolic/Sites/split-airport/wp-includes/functions.php on line 6114
[01-Apr-2025 14:46:12 UTC] PHP Deprecated:  Function get_page_by_title is <strong>deprecated</strong> since version 6.2.0! Use WP_Query instead. in /Users/ivannikolic/Sites/split-airport/wp-includes/functions.php on line 6114
[01-Apr-2025 14:46:12 UTC] PHP Deprecated:  Function get_page_by_title is <strong>deprecated</strong> since version 6.2.0! Use WP_Query instead. in /Users/ivannikolic/Sites/split-airport/wp-includes/functions.php on line 6114
[01-Apr-2025 14:46:12 UTC] PHP Deprecated:  Function get_page_by_title is <strong>deprecated</strong> since version 6.2.0! Use WP_Query instead. in /Users/ivannikolic/Sites/split-airport/wp-includes/functions.php on line 6114
[01-Apr-2025 14:46:12 UTC] PHP Deprecated:  Function get_page_by_title is <strong>deprecated</strong> since version 6.2.0! Use WP_Query instead. in /Users/ivannikolic/Sites/split-airport/wp-includes/functions.php on line 6114
[01-Apr-2025 14:46:12 UTC] PHP Deprecated:  Function get_page_by_title is <strong>deprecated</strong> since version 6.2.0! Use WP_Query instead. in /Users/ivannikolic/Sites/split-airport/wp-includes/functions.php on line 6114
[01-Apr-2025 14:46:12 UTC] PHP Deprecated:  Function get_page_by_title is <strong>deprecated</strong> since version 6.2.0! Use WP_Query instead. in /Users/ivannikolic/Sites/split-airport/wp-includes/functions.php on line 6114
[01-Apr-2025 14:46:12 UTC] PHP Deprecated:  Function get_page_by_title is <strong>deprecated</strong> since version 6.2.0! Use WP_Query instead. in /Users/ivannikolic/Sites/split-airport/wp-includes/functions.php on line 6114
[01-Apr-2025 14:46:12 UTC] PHP Deprecated:  Function get_page_by_title is <strong>deprecated</strong> since version 6.2.0! Use WP_Query instead. in /Users/ivannikolic/Sites/split-airport/wp-includes/functions.php on line 6114
[01-Apr-2025 14:46:12 UTC] PHP Deprecated:  Function get_page_by_title is <strong>deprecated</strong> since version 6.2.0! Use WP_Query instead. in /Users/ivannikolic/Sites/split-airport/wp-includes/functions.php on line 6114
[01-Apr-2025 14:46:12 UTC] PHP Deprecated:  Function get_page_by_title is <strong>deprecated</strong> since version 6.2.0! Use WP_Query instead. in /Users/ivannikolic/Sites/split-airport/wp-includes/functions.php on line 6114
[01-Apr-2025 14:46:12 UTC] PHP Deprecated:  Function get_page_by_title is <strong>deprecated</strong> since version 6.2.0! Use WP_Query instead. in /Users/ivannikolic/Sites/split-airport/wp-includes/functions.php on line 6114
[01-Apr-2025 14:46:12 UTC] PHP Deprecated:  Function get_page_by_title is <strong>deprecated</strong> since version 6.2.0! Use WP_Query instead. in /Users/ivannikolic/Sites/split-airport/wp-includes/functions.php on line 6114
[01-Apr-2025 14:46:12 UTC] PHP Deprecated:  Function get_page_by_title is <strong>deprecated</strong> since version 6.2.0! Use WP_Query instead. in /Users/ivannikolic/Sites/split-airport/wp-includes/functions.php on line 6114
[01-Apr-2025 14:46:12 UTC] PHP Deprecated:  Function get_page_by_title is <strong>deprecated</strong> since version 6.2.0! Use WP_Query instead. in /Users/ivannikolic/Sites/split-airport/wp-includes/functions.php on line 6114
[01-Apr-2025 14:46:12 UTC] PHP Deprecated:  Function get_page_by_title is <strong>deprecated</strong> since version 6.2.0! Use WP_Query instead. in /Users/ivannikolic/Sites/split-airport/wp-includes/functions.php on line 6114
[01-Apr-2025 14:46:12 UTC] PHP Deprecated:  Function get_page_by_title is <strong>deprecated</strong> since version 6.2.0! Use WP_Query instead. in /Users/ivannikolic/Sites/split-airport/wp-includes/functions.php on line 6114
[01-Apr-2025 14:46:12 UTC] PHP Deprecated:  Function get_page_by_title is <strong>deprecated</strong> since version 6.2.0! Use WP_Query instead. in /Users/ivannikolic/Sites/split-airport/wp-includes/functions.php on line 6114
[01-Apr-2025 14:46:12 UTC] PHP Deprecated:  Function get_page_by_title is <strong>deprecated</strong> since version 6.2.0! Use WP_Query instead. in /Users/ivannikolic/Sites/split-airport/wp-includes/functions.php on line 6114
[01-Apr-2025 14:46:12 UTC] PHP Deprecated:  Function get_page_by_title is <strong>deprecated</strong> since version 6.2.0! Use WP_Query instead. in /Users/ivannikolic/Sites/split-airport/wp-includes/functions.php on line 6114
[01-Apr-2025 14:46:12 UTC] PHP Deprecated:  Function get_page_by_title is <strong>deprecated</strong> since version 6.2.0! Use WP_Query instead. in /Users/ivannikolic/Sites/split-airport/wp-includes/functions.php on line 6114
[01-Apr-2025 14:46:12 UTC] PHP Deprecated:  Function get_page_by_title is <strong>deprecated</strong> since version 6.2.0! Use WP_Query instead. in /Users/ivannikolic/Sites/split-airport/wp-includes/functions.php on line 6114
[01-Apr-2025 14:46:12 UTC] PHP Deprecated:  Function get_page_by_title is <strong>deprecated</strong> since version 6.2.0! Use WP_Query instead. in /Users/ivannikolic/Sites/split-airport/wp-includes/functions.php on line 6114
[01-Apr-2025 14:46:12 UTC] PHP Deprecated:  Function get_page_by_title is <strong>deprecated</strong> since version 6.2.0! Use WP_Query instead. in /Users/ivannikolic/Sites/split-airport/wp-includes/functions.php on line 6114
[01-Apr-2025 14:46:12 UTC] PHP Deprecated:  Function get_page_by_title is <strong>deprecated</strong> since version 6.2.0! Use WP_Query instead. in /Users/ivannikolic/Sites/split-airport/wp-includes/functions.php on line 6114
[01-Apr-2025 14:46:12 UTC] PHP Deprecated:  Function get_page_by_title is <strong>deprecated</strong> since version 6.2.0! Use WP_Query instead. in /Users/ivannikolic/Sites/split-airport/wp-includes/functions.php on line 6114
[01-Apr-2025 14:46:12 UTC] PHP Deprecated:  Function get_page_by_title is <strong>deprecated</strong> since version 6.2.0! Use WP_Query instead. in /Users/ivannikolic/Sites/split-airport/wp-includes/functions.php on line 6114
[01-Apr-2025 14:46:12 UTC] PHP Deprecated:  Function get_page_by_title is <strong>deprecated</strong> since version 6.2.0! Use WP_Query instead. in /Users/ivannikolic/Sites/split-airport/wp-includes/functions.php on line 6114
[01-Apr-2025 14:46:12 UTC] PHP Deprecated:  Function get_page_by_title is <strong>deprecated</strong> since version 6.2.0! Use WP_Query instead. in /Users/ivannikolic/Sites/split-airport/wp-includes/functions.php on line 6114
[01-Apr-2025 14:46:12 UTC] PHP Deprecated:  Function get_page_by_title is <strong>deprecated</strong> since version 6.2.0! Use WP_Query instead. in /Users/ivannikolic/Sites/split-airport/wp-includes/functions.php on line 6114
[01-Apr-2025 14:46:12 UTC] PHP Deprecated:  Function get_page_by_title is <strong>deprecated</strong> since version 6.2.0! Use WP_Query instead. in /Users/ivannikolic/Sites/split-airport/wp-includes/functions.php on line 6114
[01-Apr-2025 14:46:12 UTC] PHP Deprecated:  Function get_page_by_title is <strong>deprecated</strong> since version 6.2.0! Use WP_Query instead. in /Users/ivannikolic/Sites/split-airport/wp-includes/functions.php on line 6114
[01-Apr-2025 14:46:12 UTC] PHP Deprecated:  Function get_page_by_title is <strong>deprecated</strong> since version 6.2.0! Use WP_Query instead. in /Users/ivannikolic/Sites/split-airport/wp-includes/functions.php on line 6114
[01-Apr-2025 14:46:12 UTC] PHP Deprecated:  Function get_page_by_title is <strong>deprecated</strong> since version 6.2.0! Use WP_Query instead. in /Users/ivannikolic/Sites/split-airport/wp-includes/functions.php on line 6114
[01-Apr-2025 14:46:12 UTC] PHP Deprecated:  Function get_page_by_title is <strong>deprecated</strong> since version 6.2.0! Use WP_Query instead. in /Users/ivannikolic/Sites/split-airport/wp-includes/functions.php on line 6114
[01-Apr-2025 14:46:12 UTC] PHP Deprecated:  Function get_page_by_title is <strong>deprecated</strong> since version 6.2.0! Use WP_Query instead. in /Users/ivannikolic/Sites/split-airport/wp-includes/functions.php on line 6114
[01-Apr-2025 14:46:12 UTC] PHP Deprecated:  Function get_page_by_title is <strong>deprecated</strong> since version 6.2.0! Use WP_Query instead. in /Users/ivannikolic/Sites/split-airport/wp-includes/functions.php on line 6114
[01-Apr-2025 14:46:12 UTC] PHP Deprecated:  Function get_page_by_title is <strong>deprecated</strong> since version 6.2.0! Use WP_Query instead. in /Users/ivannikolic/Sites/split-airport/wp-includes/functions.php on line 6114
[01-Apr-2025 14:46:12 UTC] PHP Deprecated:  Function get_page_by_title is <strong>deprecated</strong> since version 6.2.0! Use WP_Query instead. in /Users/ivannikolic/Sites/split-airport/wp-includes/functions.php on line 6114
[01-Apr-2025 14:46:12 UTC] PHP Deprecated:  Function get_page_by_title is <strong>deprecated</strong> since version 6.2.0! Use WP_Query instead. in /Users/ivannikolic/Sites/split-airport/wp-includes/functions.php on line 6114
[01-Apr-2025 14:46:12 UTC] PHP Deprecated:  Function get_page_by_title is <strong>deprecated</strong> since version 6.2.0! Use WP_Query instead. in /Users/ivannikolic/Sites/split-airport/wp-includes/functions.php on line 6114
[01-Apr-2025 14:46:12 UTC] PHP Deprecated:  Function get_page_by_title is <strong>deprecated</strong> since version 6.2.0! Use WP_Query instead. in /Users/ivannikolic/Sites/split-airport/wp-includes/functions.php on line 6114
[01-Apr-2025 14:46:12 UTC] PHP Deprecated:  Function get_page_by_title is <strong>deprecated</strong> since version 6.2.0! Use WP_Query instead. in /Users/ivannikolic/Sites/split-airport/wp-includes/functions.php on line 6114
[01-Apr-2025 14:46:12 UTC] PHP Deprecated:  Function get_page_by_title is <strong>deprecated</strong> since version 6.2.0! Use WP_Query instead. in /Users/ivannikolic/Sites/split-airport/wp-includes/functions.php on line 6114
[01-Apr-2025 14:46:12 UTC] PHP Deprecated:  Function get_page_by_title is <strong>deprecated</strong> since version 6.2.0! Use WP_Query instead. in /Users/ivannikolic/Sites/split-airport/wp-includes/functions.php on line 6114
[01-Apr-2025 14:46:12 UTC] PHP Deprecated:  Function get_page_by_title is <strong>deprecated</strong> since version 6.2.0! Use WP_Query instead. in /Users/ivannikolic/Sites/split-airport/wp-includes/functions.php on line 6114
[01-Apr-2025 14:46:12 UTC] PHP Deprecated:  Function get_page_by_title is <strong>deprecated</strong> since version 6.2.0! Use WP_Query instead. in /Users/ivannikolic/Sites/split-airport/wp-includes/functions.php on line 6114
[01-Apr-2025 14:46:12 UTC] PHP Deprecated:  Function get_page_by_title is <strong>deprecated</strong> since version 6.2.0! Use WP_Query instead. in /Users/ivannikolic/Sites/split-airport/wp-includes/functions.php on line 6114
[01-Apr-2025 14:46:12 UTC] PHP Deprecated:  Function get_page_by_title is <strong>deprecated</strong> since version 6.2.0! Use WP_Query instead. in /Users/ivannikolic/Sites/split-airport/wp-includes/functions.php on line 6114
[01-Apr-2025 14:46:12 UTC] PHP Deprecated:  Function get_page_by_title is <strong>deprecated</strong> since version 6.2.0! Use WP_Query instead. in /Users/ivannikolic/Sites/split-airport/wp-includes/functions.php on line 6114
[01-Apr-2025 14:46:12 UTC] PHP Deprecated:  Function get_page_by_title is <strong>deprecated</strong> since version 6.2.0! Use WP_Query instead. in /Users/ivannikolic/Sites/split-airport/wp-includes/functions.php on line 6114
[01-Apr-2025 14:46:12 UTC] PHP Deprecated:  Function get_page_by_title is <strong>deprecated</strong> since version 6.2.0! Use WP_Query instead. in /Users/ivannikolic/Sites/split-airport/wp-includes/functions.php on line 6114
[01-Apr-2025 14:46:12 UTC] PHP Deprecated:  Function get_page_by_title is <strong>deprecated</strong> since version 6.2.0! Use WP_Query instead. in /Users/ivannikolic/Sites/split-airport/wp-includes/functions.php on line 6114
[01-Apr-2025 14:46:12 UTC] PHP Deprecated:  Function get_page_by_title is <strong>deprecated</strong> since version 6.2.0! Use WP_Query instead. in /Users/ivannikolic/Sites/split-airport/wp-includes/functions.php on line 6114
[01-Apr-2025 14:46:12 UTC] PHP Deprecated:  Function get_page_by_title is <strong>deprecated</strong> since version 6.2.0! Use WP_Query instead. in /Users/ivannikolic/Sites/split-airport/wp-includes/functions.php on line 6114
[01-Apr-2025 14:46:12 UTC] PHP Deprecated:  Function get_page_by_title is <strong>deprecated</strong> since version 6.2.0! Use WP_Query instead. in /Users/ivannikolic/Sites/split-airport/wp-includes/functions.php on line 6114
[01-Apr-2025 14:46:12 UTC] PHP Deprecated:  Function get_page_by_title is <strong>deprecated</strong> since version 6.2.0! Use WP_Query instead. in /Users/ivannikolic/Sites/split-airport/wp-includes/functions.php on line 6114
[01-Apr-2025 14:46:12 UTC] PHP Deprecated:  Function get_page_by_title is <strong>deprecated</strong> since version 6.2.0! Use WP_Query instead. in /Users/ivannikolic/Sites/split-airport/wp-includes/functions.php on line 6114
[01-Apr-2025 14:46:12 UTC] PHP Deprecated:  Function get_page_by_title is <strong>deprecated</strong> since version 6.2.0! Use WP_Query instead. in /Users/ivannikolic/Sites/split-airport/wp-includes/functions.php on line 6114
[01-Apr-2025 14:46:12 UTC] PHP Deprecated:  Function get_page_by_title is <strong>deprecated</strong> since version 6.2.0! Use WP_Query instead. in /Users/ivannikolic/Sites/split-airport/wp-includes/functions.php on line 6114
[01-Apr-2025 14:46:12 UTC] PHP Deprecated:  Function get_page_by_title is <strong>deprecated</strong> since version 6.2.0! Use WP_Query instead. in /Users/ivannikolic/Sites/split-airport/wp-includes/functions.php on line 6114
[01-Apr-2025 14:46:12 UTC] PHP Deprecated:  Function get_page_by_title is <strong>deprecated</strong> since version 6.2.0! Use WP_Query instead. in /Users/ivannikolic/Sites/split-airport/wp-includes/functions.php on line 6114
[01-Apr-2025 14:46:12 UTC] PHP Deprecated:  Function get_page_by_title is <strong>deprecated</strong> since version 6.2.0! Use WP_Query instead. in /Users/ivannikolic/Sites/split-airport/wp-includes/functions.php on line 6114
[01-Apr-2025 14:46:12 UTC] PHP Deprecated:  Function get_page_by_title is <strong>deprecated</strong> since version 6.2.0! Use WP_Query instead. in /Users/ivannikolic/Sites/split-airport/wp-includes/functions.php on line 6114
[01-Apr-2025 14:46:12 UTC] PHP Deprecated:  Function get_page_by_title is <strong>deprecated</strong> since version 6.2.0! Use WP_Query instead. in /Users/ivannikolic/Sites/split-airport/wp-includes/functions.php on line 6114
[01-Apr-2025 14:46:12 UTC] PHP Deprecated:  Function get_page_by_title is <strong>deprecated</strong> since version 6.2.0! Use WP_Query instead. in /Users/ivannikolic/Sites/split-airport/wp-includes/functions.php on line 6114
[01-Apr-2025 14:46:12 UTC] PHP Deprecated:  Function get_page_by_title is <strong>deprecated</strong> since version 6.2.0! Use WP_Query instead. in /Users/ivannikolic/Sites/split-airport/wp-includes/functions.php on line 6114
[01-Apr-2025 14:46:12 UTC] PHP Deprecated:  Function get_page_by_title is <strong>deprecated</strong> since version 6.2.0! Use WP_Query instead. in /Users/ivannikolic/Sites/split-airport/wp-includes/functions.php on line 6114
[01-Apr-2025 14:46:12 UTC] PHP Deprecated:  Function get_page_by_title is <strong>deprecated</strong> since version 6.2.0! Use WP_Query instead. in /Users/ivannikolic/Sites/split-airport/wp-includes/functions.php on line 6114
[01-Apr-2025 14:46:12 UTC] PHP Deprecated:  Function get_page_by_title is <strong>deprecated</strong> since version 6.2.0! Use WP_Query instead. in /Users/ivannikolic/Sites/split-airport/wp-includes/functions.php on line 6114
[01-Apr-2025 14:46:12 UTC] PHP Deprecated:  Function get_page_by_title is <strong>deprecated</strong> since version 6.2.0! Use WP_Query instead. in /Users/ivannikolic/Sites/split-airport/wp-includes/functions.php on line 6114
[01-Apr-2025 14:46:12 UTC] PHP Deprecated:  Function get_page_by_title is <strong>deprecated</strong> since version 6.2.0! Use WP_Query instead. in /Users/ivannikolic/Sites/split-airport/wp-includes/functions.php on line 6114
[01-Apr-2025 14:46:22 UTC] PHP Deprecated:  Function get_page_by_title is <strong>deprecated</strong> since version 6.2.0! Use WP_Query instead. in /Users/ivannikolic/Sites/split-airport/wp-includes/functions.php on line 6114
[01-Apr-2025 14:46:22 UTC] PHP Deprecated:  Function get_page_by_title is <strong>deprecated</strong> since version 6.2.0! Use WP_Query instead. in /Users/ivannikolic/Sites/split-airport/wp-includes/functions.php on line 6114
[01-Apr-2025 14:46:22 UTC] PHP Deprecated:  Function get_page_by_title is <strong>deprecated</strong> since version 6.2.0! Use WP_Query instead. in /Users/ivannikolic/Sites/split-airport/wp-includes/functions.php on line 6114
[01-Apr-2025 14:46:22 UTC] PHP Deprecated:  Function get_page_by_title is <strong>deprecated</strong> since version 6.2.0! Use WP_Query instead. in /Users/ivannikolic/Sites/split-airport/wp-includes/functions.php on line 6114
[01-Apr-2025 14:46:22 UTC] PHP Deprecated:  Function get_page_by_title is <strong>deprecated</strong> since version 6.2.0! Use WP_Query instead. in /Users/ivannikolic/Sites/split-airport/wp-includes/functions.php on line 6114
[01-Apr-2025 14:46:22 UTC] PHP Deprecated:  Function get_page_by_title is <strong>deprecated</strong> since version 6.2.0! Use WP_Query instead. in /Users/ivannikolic/Sites/split-airport/wp-includes/functions.php on line 6114
[01-Apr-2025 14:46:22 UTC] PHP Deprecated:  Function get_page_by_title is <strong>deprecated</strong> since version 6.2.0! Use WP_Query instead. in /Users/ivannikolic/Sites/split-airport/wp-includes/functions.php on line 6114
[01-Apr-2025 14:46:22 UTC] PHP Deprecated:  Function get_page_by_title is <strong>deprecated</strong> since version 6.2.0! Use WP_Query instead. in /Users/ivannikolic/Sites/split-airport/wp-includes/functions.php on line 6114
[01-Apr-2025 14:46:22 UTC] PHP Deprecated:  Function get_page_by_title is <strong>deprecated</strong> since version 6.2.0! Use WP_Query instead. in /Users/ivannikolic/Sites/split-airport/wp-includes/functions.php on line 6114
[01-Apr-2025 14:46:32 UTC] PHP Deprecated:  Function get_page_by_title is <strong>deprecated</strong> since version 6.2.0! Use WP_Query instead. in /Users/ivannikolic/Sites/split-airport/wp-includes/functions.php on line 6114
[01-Apr-2025 14:46:32 UTC] PHP Deprecated:  Function get_page_by_title is <strong>deprecated</strong> since version 6.2.0! Use WP_Query instead. in /Users/ivannikolic/Sites/split-airport/wp-includes/functions.php on line 6114
[01-Apr-2025 14:46:32 UTC] PHP Deprecated:  Function get_page_by_title is <strong>deprecated</strong> since version 6.2.0! Use WP_Query instead. in /Users/ivannikolic/Sites/split-airport/wp-includes/functions.php on line 6114
[01-Apr-2025 14:46:32 UTC] PHP Deprecated:  Function get_page_by_title is <strong>deprecated</strong> since version 6.2.0! Use WP_Query instead. in /Users/ivannikolic/Sites/split-airport/wp-includes/functions.php on line 6114
[01-Apr-2025 14:46:32 UTC] PHP Deprecated:  Function get_page_by_title is <strong>deprecated</strong> since version 6.2.0! Use WP_Query instead. in /Users/ivannikolic/Sites/split-airport/wp-includes/functions.php on line 6114
[01-Apr-2025 14:46:32 UTC] PHP Deprecated:  Function get_page_by_title is <strong>deprecated</strong> since version 6.2.0! Use WP_Query instead. in /Users/ivannikolic/Sites/split-airport/wp-includes/functions.php on line 6114
[01-Apr-2025 14:46:32 UTC] PHP Deprecated:  Function get_page_by_title is <strong>deprecated</strong> since version 6.2.0! Use WP_Query instead. in /Users/ivannikolic/Sites/split-airport/wp-includes/functions.php on line 6114
[01-Apr-2025 14:46:32 UTC] PHP Deprecated:  Function get_page_by_title is <strong>deprecated</strong> since version 6.2.0! Use WP_Query instead. in /Users/ivannikolic/Sites/split-airport/wp-includes/functions.php on line 6114
[01-Apr-2025 14:46:32 UTC] PHP Deprecated:  Function get_page_by_title is <strong>deprecated</strong> since version 6.2.0! Use WP_Query instead. in /Users/ivannikolic/Sites/split-airport/wp-includes/functions.php on line 6114
[01-Apr-2025 14:46:42 UTC] PHP Deprecated:  Function get_page_by_title is <strong>deprecated</strong> since version 6.2.0! Use WP_Query instead. in /Users/ivannikolic/Sites/split-airport/wp-includes/functions.php on line 6114
[01-Apr-2025 14:46:42 UTC] PHP Deprecated:  Function get_page_by_title is <strong>deprecated</strong> since version 6.2.0! Use WP_Query instead. in /Users/ivannikolic/Sites/split-airport/wp-includes/functions.php on line 6114
[01-Apr-2025 14:46:42 UTC] PHP Deprecated:  Function get_page_by_title is <strong>deprecated</strong> since version 6.2.0! Use WP_Query instead. in /Users/ivannikolic/Sites/split-airport/wp-includes/functions.php on line 6114
[01-Apr-2025 14:46:42 UTC] PHP Deprecated:  Function get_page_by_title is <strong>deprecated</strong> since version 6.2.0! Use WP_Query instead. in /Users/ivannikolic/Sites/split-airport/wp-includes/functions.php on line 6114
[01-Apr-2025 14:46:42 UTC] PHP Deprecated:  Function get_page_by_title is <strong>deprecated</strong> since version 6.2.0! Use WP_Query instead. in /Users/ivannikolic/Sites/split-airport/wp-includes/functions.php on line 6114
[01-Apr-2025 14:46:42 UTC] PHP Deprecated:  Function get_page_by_title is <strong>deprecated</strong> since version 6.2.0! Use WP_Query instead. in /Users/ivannikolic/Sites/split-airport/wp-includes/functions.php on line 6114
[01-Apr-2025 14:46:42 UTC] PHP Deprecated:  Function get_page_by_title is <strong>deprecated</strong> since version 6.2.0! Use WP_Query instead. in /Users/ivannikolic/Sites/split-airport/wp-includes/functions.php on line 6114
[01-Apr-2025 14:46:42 UTC] PHP Deprecated:  Function get_page_by_title is <strong>deprecated</strong> since version 6.2.0! Use WP_Query instead. in /Users/ivannikolic/Sites/split-airport/wp-includes/functions.php on line 6114
[01-Apr-2025 14:46:42 UTC] PHP Deprecated:  Function get_page_by_title is <strong>deprecated</strong> since version 6.2.0! Use WP_Query instead. in /Users/ivannikolic/Sites/split-airport/wp-includes/functions.php on line 6114
[01-Apr-2025 14:46:52 UTC] PHP Deprecated:  Function get_page_by_title is <strong>deprecated</strong> since version 6.2.0! Use WP_Query instead. in /Users/ivannikolic/Sites/split-airport/wp-includes/functions.php on line 6114
[01-Apr-2025 14:46:52 UTC] PHP Deprecated:  Function get_page_by_title is <strong>deprecated</strong> since version 6.2.0! Use WP_Query instead. in /Users/ivannikolic/Sites/split-airport/wp-includes/functions.php on line 6114
[01-Apr-2025 14:46:52 UTC] PHP Deprecated:  Function get_page_by_title is <strong>deprecated</strong> since version 6.2.0! Use WP_Query instead. in /Users/ivannikolic/Sites/split-airport/wp-includes/functions.php on line 6114
[01-Apr-2025 14:46:52 UTC] PHP Deprecated:  Function get_page_by_title is <strong>deprecated</strong> since version 6.2.0! Use WP_Query instead. in /Users/ivannikolic/Sites/split-airport/wp-includes/functions.php on line 6114
[01-Apr-2025 14:46:52 UTC] PHP Deprecated:  Function get_page_by_title is <strong>deprecated</strong> since version 6.2.0! Use WP_Query instead. in /Users/ivannikolic/Sites/split-airport/wp-includes/functions.php on line 6114
[01-Apr-2025 14:46:52 UTC] PHP Deprecated:  Function get_page_by_title is <strong>deprecated</strong> since version 6.2.0! Use WP_Query instead. in /Users/ivannikolic/Sites/split-airport/wp-includes/functions.php on line 6114
[01-Apr-2025 14:46:52 UTC] PHP Deprecated:  Function get_page_by_title is <strong>deprecated</strong> since version 6.2.0! Use WP_Query instead. in /Users/ivannikolic/Sites/split-airport/wp-includes/functions.php on line 6114
[01-Apr-2025 14:46:52 UTC] PHP Deprecated:  Function get_page_by_title is <strong>deprecated</strong> since version 6.2.0! Use WP_Query instead. in /Users/ivannikolic/Sites/split-airport/wp-includes/functions.php on line 6114
[01-Apr-2025 14:46:52 UTC] PHP Deprecated:  Function get_page_by_title is <strong>deprecated</strong> since version 6.2.0! Use WP_Query instead. in /Users/ivannikolic/Sites/split-airport/wp-includes/functions.php on line 6114
[01-Apr-2025 14:47:00 UTC] PHP Deprecated:  Function get_page_by_title is <strong>deprecated</strong> since version 6.2.0! Use WP_Query instead. in /Users/ivannikolic/Sites/split-airport/wp-includes/functions.php on line 6114
[01-Apr-2025 14:47:00 UTC] PHP Deprecated:  Function get_page_by_title is <strong>deprecated</strong> since version 6.2.0! Use WP_Query instead. in /Users/ivannikolic/Sites/split-airport/wp-includes/functions.php on line 6114
[01-Apr-2025 14:47:00 UTC] PHP Deprecated:  Function get_page_by_title is <strong>deprecated</strong> since version 6.2.0! Use WP_Query instead. in /Users/ivannikolic/Sites/split-airport/wp-includes/functions.php on line 6114
[01-Apr-2025 14:47:00 UTC] PHP Deprecated:  Function get_page_by_title is <strong>deprecated</strong> since version 6.2.0! Use WP_Query instead. in /Users/ivannikolic/Sites/split-airport/wp-includes/functions.php on line 6114
[01-Apr-2025 14:47:00 UTC] PHP Deprecated:  Function get_page_by_title is <strong>deprecated</strong> since version 6.2.0! Use WP_Query instead. in /Users/ivannikolic/Sites/split-airport/wp-includes/functions.php on line 6114
[01-Apr-2025 14:47:00 UTC] PHP Deprecated:  Function get_page_by_title is <strong>deprecated</strong> since version 6.2.0! Use WP_Query instead. in /Users/ivannikolic/Sites/split-airport/wp-includes/functions.php on line 6114
[01-Apr-2025 14:47:00 UTC] PHP Deprecated:  Function get_page_by_title is <strong>deprecated</strong> since version 6.2.0! Use WP_Query instead. in /Users/ivannikolic/Sites/split-airport/wp-includes/functions.php on line 6114
[01-Apr-2025 14:47:00 UTC] PHP Deprecated:  Function get_page_by_title is <strong>deprecated</strong> since version 6.2.0! Use WP_Query instead. in /Users/ivannikolic/Sites/split-airport/wp-includes/functions.php on line 6114
[01-Apr-2025 14:47:00 UTC] PHP Deprecated:  Function get_page_by_title is <strong>deprecated</strong> since version 6.2.0! Use WP_Query instead. in /Users/ivannikolic/Sites/split-airport/wp-includes/functions.php on line 6114
[01-Apr-2025 14:47:01 UTC] PHP Deprecated:  Function get_page_by_title is <strong>deprecated</strong> since version 6.2.0! Use WP_Query instead. in /Users/ivannikolic/Sites/split-airport/wp-includes/functions.php on line 6114
[01-Apr-2025 14:47:01 UTC] PHP Deprecated:  Function get_page_by_title is <strong>deprecated</strong> since version 6.2.0! Use WP_Query instead. in /Users/ivannikolic/Sites/split-airport/wp-includes/functions.php on line 6114
[01-Apr-2025 14:47:01 UTC] PHP Deprecated:  Function get_page_by_title is <strong>deprecated</strong> since version 6.2.0! Use WP_Query instead. in /Users/ivannikolic/Sites/split-airport/wp-includes/functions.php on line 6114
[01-Apr-2025 14:47:01 UTC] PHP Deprecated:  Function get_page_by_title is <strong>deprecated</strong> since version 6.2.0! Use WP_Query instead. in /Users/ivannikolic/Sites/split-airport/wp-includes/functions.php on line 6114
[01-Apr-2025 14:47:01 UTC] PHP Deprecated:  Function get_page_by_title is <strong>deprecated</strong> since version 6.2.0! Use WP_Query instead. in /Users/ivannikolic/Sites/split-airport/wp-includes/functions.php on line 6114
[01-Apr-2025 14:47:01 UTC] PHP Deprecated:  Function get_page_by_title is <strong>deprecated</strong> since version 6.2.0! Use WP_Query instead. in /Users/ivannikolic/Sites/split-airport/wp-includes/functions.php on line 6114
[01-Apr-2025 14:47:01 UTC] PHP Deprecated:  Function get_page_by_title is <strong>deprecated</strong> since version 6.2.0! Use WP_Query instead. in /Users/ivannikolic/Sites/split-airport/wp-includes/functions.php on line 6114
[01-Apr-2025 14:47:01 UTC] PHP Deprecated:  Function get_page_by_title is <strong>deprecated</strong> since version 6.2.0! Use WP_Query instead. in /Users/ivannikolic/Sites/split-airport/wp-includes/functions.php on line 6114
[01-Apr-2025 14:47:01 UTC] PHP Deprecated:  Function get_page_by_title is <strong>deprecated</strong> since version 6.2.0! Use WP_Query instead. in /Users/ivannikolic/Sites/split-airport/wp-includes/functions.php on line 6114
[01-Apr-2025 14:47:03 UTC] PHP Deprecated:  Function get_page_by_title is <strong>deprecated</strong> since version 6.2.0! Use WP_Query instead. in /Users/ivannikolic/Sites/split-airport/wp-includes/functions.php on line 6114
[01-Apr-2025 14:47:03 UTC] PHP Deprecated:  Function get_page_by_title is <strong>deprecated</strong> since version 6.2.0! Use WP_Query instead. in /Users/ivannikolic/Sites/split-airport/wp-includes/functions.php on line 6114
[01-Apr-2025 14:47:03 UTC] PHP Deprecated:  Function get_page_by_title is <strong>deprecated</strong> since version 6.2.0! Use WP_Query instead. in /Users/ivannikolic/Sites/split-airport/wp-includes/functions.php on line 6114
[01-Apr-2025 14:47:03 UTC] PHP Deprecated:  Function get_page_by_title is <strong>deprecated</strong> since version 6.2.0! Use WP_Query instead. in /Users/ivannikolic/Sites/split-airport/wp-includes/functions.php on line 6114
[01-Apr-2025 14:47:03 UTC] PHP Deprecated:  Function get_page_by_title is <strong>deprecated</strong> since version 6.2.0! Use WP_Query instead. in /Users/ivannikolic/Sites/split-airport/wp-includes/functions.php on line 6114
[01-Apr-2025 14:47:03 UTC] PHP Deprecated:  Function get_page_by_title is <strong>deprecated</strong> since version 6.2.0! Use WP_Query instead. in /Users/ivannikolic/Sites/split-airport/wp-includes/functions.php on line 6114
[01-Apr-2025 14:47:03 UTC] PHP Deprecated:  Function get_page_by_title is <strong>deprecated</strong> since version 6.2.0! Use WP_Query instead. in /Users/ivannikolic/Sites/split-airport/wp-includes/functions.php on line 6114
[01-Apr-2025 14:47:03 UTC] PHP Deprecated:  Function get_page_by_title is <strong>deprecated</strong> since version 6.2.0! Use WP_Query instead. in /Users/ivannikolic/Sites/split-airport/wp-includes/functions.php on line 6114
[01-Apr-2025 14:47:03 UTC] PHP Deprecated:  Function get_page_by_title is <strong>deprecated</strong> since version 6.2.0! Use WP_Query instead. in /Users/ivannikolic/Sites/split-airport/wp-includes/functions.php on line 6114
[01-Apr-2025 14:47:03 UTC] PHP Deprecated:  Function get_page_by_title is <strong>deprecated</strong> since version 6.2.0! Use WP_Query instead. in /Users/ivannikolic/Sites/split-airport/wp-includes/functions.php on line 6114
[01-Apr-2025 14:47:03 UTC] PHP Deprecated:  Function get_page_by_title is <strong>deprecated</strong> since version 6.2.0! Use WP_Query instead. in /Users/ivannikolic/Sites/split-airport/wp-includes/functions.php on line 6114
[01-Apr-2025 14:47:03 UTC] PHP Deprecated:  Function get_page_by_title is <strong>deprecated</strong> since version 6.2.0! Use WP_Query instead. in /Users/ivannikolic/Sites/split-airport/wp-includes/functions.php on line 6114
[01-Apr-2025 14:47:03 UTC] PHP Deprecated:  Function get_page_by_title is <strong>deprecated</strong> since version 6.2.0! Use WP_Query instead. in /Users/ivannikolic/Sites/split-airport/wp-includes/functions.php on line 6114
[01-Apr-2025 14:47:03 UTC] PHP Deprecated:  Function get_page_by_title is <strong>deprecated</strong> since version 6.2.0! Use WP_Query instead. in /Users/ivannikolic/Sites/split-airport/wp-includes/functions.php on line 6114
[01-Apr-2025 14:47:03 UTC] PHP Deprecated:  Function get_page_by_title is <strong>deprecated</strong> since version 6.2.0! Use WP_Query instead. in /Users/ivannikolic/Sites/split-airport/wp-includes/functions.php on line 6114
[01-Apr-2025 14:47:03 UTC] PHP Deprecated:  Function get_page_by_title is <strong>deprecated</strong> since version 6.2.0! Use WP_Query instead. in /Users/ivannikolic/Sites/split-airport/wp-includes/functions.php on line 6114
[01-Apr-2025 14:47:03 UTC] PHP Deprecated:  Function get_page_by_title is <strong>deprecated</strong> since version 6.2.0! Use WP_Query instead. in /Users/ivannikolic/Sites/split-airport/wp-includes/functions.php on line 6114
[01-Apr-2025 14:47:03 UTC] PHP Deprecated:  Function get_page_by_title is <strong>deprecated</strong> since version 6.2.0! Use WP_Query instead. in /Users/ivannikolic/Sites/split-airport/wp-includes/functions.php on line 6114
[01-Apr-2025 14:47:03 UTC] PHP Deprecated:  Function get_page_by_title is <strong>deprecated</strong> since version 6.2.0! Use WP_Query instead. in /Users/ivannikolic/Sites/split-airport/wp-includes/functions.php on line 6114
[01-Apr-2025 14:47:03 UTC] PHP Deprecated:  Function get_page_by_title is <strong>deprecated</strong> since version 6.2.0! Use WP_Query instead. in /Users/ivannikolic/Sites/split-airport/wp-includes/functions.php on line 6114
[01-Apr-2025 14:47:03 UTC] PHP Deprecated:  Function get_page_by_title is <strong>deprecated</strong> since version 6.2.0! Use WP_Query instead. in /Users/ivannikolic/Sites/split-airport/wp-includes/functions.php on line 6114
[01-Apr-2025 14:47:03 UTC] PHP Deprecated:  Function get_page_by_title is <strong>deprecated</strong> since version 6.2.0! Use WP_Query instead. in /Users/ivannikolic/Sites/split-airport/wp-includes/functions.php on line 6114
[01-Apr-2025 14:47:03 UTC] PHP Deprecated:  Function get_page_by_title is <strong>deprecated</strong> since version 6.2.0! Use WP_Query instead. in /Users/ivannikolic/Sites/split-airport/wp-includes/functions.php on line 6114
[01-Apr-2025 14:47:03 UTC] PHP Deprecated:  Function get_page_by_title is <strong>deprecated</strong> since version 6.2.0! Use WP_Query instead. in /Users/ivannikolic/Sites/split-airport/wp-includes/functions.php on line 6114
[01-Apr-2025 14:47:03 UTC] PHP Deprecated:  Function get_page_by_title is <strong>deprecated</strong> since version 6.2.0! Use WP_Query instead. in /Users/ivannikolic/Sites/split-airport/wp-includes/functions.php on line 6114
[01-Apr-2025 14:47:03 UTC] PHP Deprecated:  Function get_page_by_title is <strong>deprecated</strong> since version 6.2.0! Use WP_Query instead. in /Users/ivannikolic/Sites/split-airport/wp-includes/functions.php on line 6114
[01-Apr-2025 14:47:03 UTC] PHP Deprecated:  Function get_page_by_title is <strong>deprecated</strong> since version 6.2.0! Use WP_Query instead. in /Users/ivannikolic/Sites/split-airport/wp-includes/functions.php on line 6114
[01-Apr-2025 14:47:06 UTC] PHP Deprecated:  Function get_page_by_title is <strong>deprecated</strong> since version 6.2.0! Use WP_Query instead. in /Users/ivannikolic/Sites/split-airport/wp-includes/functions.php on line 6114
[01-Apr-2025 14:47:06 UTC] PHP Deprecated:  Function get_page_by_title is <strong>deprecated</strong> since version 6.2.0! Use WP_Query instead. in /Users/ivannikolic/Sites/split-airport/wp-includes/functions.php on line 6114
[01-Apr-2025 14:47:06 UTC] PHP Deprecated:  Function get_page_by_title is <strong>deprecated</strong> since version 6.2.0! Use WP_Query instead. in /Users/ivannikolic/Sites/split-airport/wp-includes/functions.php on line 6114
[01-Apr-2025 14:47:06 UTC] PHP Deprecated:  Function get_page_by_title is <strong>deprecated</strong> since version 6.2.0! Use WP_Query instead. in /Users/ivannikolic/Sites/split-airport/wp-includes/functions.php on line 6114
[01-Apr-2025 14:47:06 UTC] PHP Deprecated:  Function get_page_by_title is <strong>deprecated</strong> since version 6.2.0! Use WP_Query instead. in /Users/ivannikolic/Sites/split-airport/wp-includes/functions.php on line 6114
[01-Apr-2025 14:47:06 UTC] PHP Deprecated:  Function get_page_by_title is <strong>deprecated</strong> since version 6.2.0! Use WP_Query instead. in /Users/ivannikolic/Sites/split-airport/wp-includes/functions.php on line 6114
[01-Apr-2025 14:47:06 UTC] PHP Deprecated:  Function get_page_by_title is <strong>deprecated</strong> since version 6.2.0! Use WP_Query instead. in /Users/ivannikolic/Sites/split-airport/wp-includes/functions.php on line 6114
[01-Apr-2025 14:47:06 UTC] PHP Deprecated:  Function get_page_by_title is <strong>deprecated</strong> since version 6.2.0! Use WP_Query instead. in /Users/ivannikolic/Sites/split-airport/wp-includes/functions.php on line 6114
[01-Apr-2025 14:47:06 UTC] PHP Deprecated:  Function get_page_by_title is <strong>deprecated</strong> since version 6.2.0! Use WP_Query instead. in /Users/ivannikolic/Sites/split-airport/wp-includes/functions.php on line 6114
[01-Apr-2025 14:48:07 UTC] PHP Deprecated:  Function get_page_by_title is <strong>deprecated</strong> since version 6.2.0! Use WP_Query instead. in /Users/ivannikolic/Sites/split-airport/wp-includes/functions.php on line 6114
[01-Apr-2025 14:48:07 UTC] PHP Deprecated:  Function get_page_by_title is <strong>deprecated</strong> since version 6.2.0! Use WP_Query instead. in /Users/ivannikolic/Sites/split-airport/wp-includes/functions.php on line 6114
[01-Apr-2025 14:48:07 UTC] PHP Deprecated:  Function get_page_by_title is <strong>deprecated</strong> since version 6.2.0! Use WP_Query instead. in /Users/ivannikolic/Sites/split-airport/wp-includes/functions.php on line 6114
[01-Apr-2025 14:48:07 UTC] PHP Deprecated:  Function get_page_by_title is <strong>deprecated</strong> since version 6.2.0! Use WP_Query instead. in /Users/ivannikolic/Sites/split-airport/wp-includes/functions.php on line 6114
[01-Apr-2025 14:48:07 UTC] PHP Deprecated:  Function get_page_by_title is <strong>deprecated</strong> since version 6.2.0! Use WP_Query instead. in /Users/ivannikolic/Sites/split-airport/wp-includes/functions.php on line 6114
[01-Apr-2025 14:48:07 UTC] PHP Deprecated:  Function get_page_by_title is <strong>deprecated</strong> since version 6.2.0! Use WP_Query instead. in /Users/ivannikolic/Sites/split-airport/wp-includes/functions.php on line 6114
[01-Apr-2025 14:48:07 UTC] PHP Deprecated:  Function get_page_by_title is <strong>deprecated</strong> since version 6.2.0! Use WP_Query instead. in /Users/ivannikolic/Sites/split-airport/wp-includes/functions.php on line 6114
[01-Apr-2025 14:48:07 UTC] PHP Deprecated:  Function get_page_by_title is <strong>deprecated</strong> since version 6.2.0! Use WP_Query instead. in /Users/ivannikolic/Sites/split-airport/wp-includes/functions.php on line 6114
[01-Apr-2025 14:48:07 UTC] PHP Deprecated:  Function get_page_by_title is <strong>deprecated</strong> since version 6.2.0! Use WP_Query instead. in /Users/ivannikolic/Sites/split-airport/wp-includes/functions.php on line 6114
[01-Apr-2025 14:49:04 UTC] PHP Deprecated:  Function get_page_by_title is <strong>deprecated</strong> since version 6.2.0! Use WP_Query instead. in /Users/ivannikolic/Sites/split-airport/wp-includes/functions.php on line 6114
[01-Apr-2025 14:49:04 UTC] PHP Deprecated:  Function get_page_by_title is <strong>deprecated</strong> since version 6.2.0! Use WP_Query instead. in /Users/ivannikolic/Sites/split-airport/wp-includes/functions.php on line 6114
[01-Apr-2025 14:49:04 UTC] PHP Deprecated:  Function get_page_by_title is <strong>deprecated</strong> since version 6.2.0! Use WP_Query instead. in /Users/ivannikolic/Sites/split-airport/wp-includes/functions.php on line 6114
[01-Apr-2025 14:49:04 UTC] PHP Deprecated:  Function get_page_by_title is <strong>deprecated</strong> since version 6.2.0! Use WP_Query instead. in /Users/ivannikolic/Sites/split-airport/wp-includes/functions.php on line 6114
[01-Apr-2025 14:49:04 UTC] PHP Deprecated:  Function get_page_by_title is <strong>deprecated</strong> since version 6.2.0! Use WP_Query instead. in /Users/ivannikolic/Sites/split-airport/wp-includes/functions.php on line 6114
[01-Apr-2025 14:49:04 UTC] PHP Deprecated:  Function get_page_by_title is <strong>deprecated</strong> since version 6.2.0! Use WP_Query instead. in /Users/ivannikolic/Sites/split-airport/wp-includes/functions.php on line 6114
[01-Apr-2025 14:49:04 UTC] PHP Deprecated:  Function get_page_by_title is <strong>deprecated</strong> since version 6.2.0! Use WP_Query instead. in /Users/ivannikolic/Sites/split-airport/wp-includes/functions.php on line 6114
[01-Apr-2025 14:49:04 UTC] PHP Deprecated:  Function get_page_by_title is <strong>deprecated</strong> since version 6.2.0! Use WP_Query instead. in /Users/ivannikolic/Sites/split-airport/wp-includes/functions.php on line 6114
[01-Apr-2025 14:49:04 UTC] PHP Deprecated:  Function get_page_by_title is <strong>deprecated</strong> since version 6.2.0! Use WP_Query instead. in /Users/ivannikolic/Sites/split-airport/wp-includes/functions.php on line 6114
[01-Apr-2025 14:50:08 UTC] PHP Deprecated:  Function get_page_by_title is <strong>deprecated</strong> since version 6.2.0! Use WP_Query instead. in /Users/ivannikolic/Sites/split-airport/wp-includes/functions.php on line 6114
[01-Apr-2025 14:50:08 UTC] PHP Deprecated:  Function get_page_by_title is <strong>deprecated</strong> since version 6.2.0! Use WP_Query instead. in /Users/ivannikolic/Sites/split-airport/wp-includes/functions.php on line 6114
[01-Apr-2025 14:50:08 UTC] PHP Deprecated:  Function get_page_by_title is <strong>deprecated</strong> since version 6.2.0! Use WP_Query instead. in /Users/ivannikolic/Sites/split-airport/wp-includes/functions.php on line 6114
[01-Apr-2025 14:50:08 UTC] PHP Deprecated:  Function get_page_by_title is <strong>deprecated</strong> since version 6.2.0! Use WP_Query instead. in /Users/ivannikolic/Sites/split-airport/wp-includes/functions.php on line 6114
[01-Apr-2025 14:50:08 UTC] PHP Deprecated:  Function get_page_by_title is <strong>deprecated</strong> since version 6.2.0! Use WP_Query instead. in /Users/ivannikolic/Sites/split-airport/wp-includes/functions.php on line 6114
[01-Apr-2025 14:50:08 UTC] PHP Deprecated:  Function get_page_by_title is <strong>deprecated</strong> since version 6.2.0! Use WP_Query instead. in /Users/ivannikolic/Sites/split-airport/wp-includes/functions.php on line 6114
[01-Apr-2025 14:50:08 UTC] PHP Deprecated:  Function get_page_by_title is <strong>deprecated</strong> since version 6.2.0! Use WP_Query instead. in /Users/ivannikolic/Sites/split-airport/wp-includes/functions.php on line 6114
[01-Apr-2025 14:50:08 UTC] PHP Deprecated:  Function get_page_by_title is <strong>deprecated</strong> since version 6.2.0! Use WP_Query instead. in /Users/ivannikolic/Sites/split-airport/wp-includes/functions.php on line 6114
[01-Apr-2025 14:50:08 UTC] PHP Deprecated:  Function get_page_by_title is <strong>deprecated</strong> since version 6.2.0! Use WP_Query instead. in /Users/ivannikolic/Sites/split-airport/wp-includes/functions.php on line 6114
[01-Apr-2025 14:51:05 UTC] PHP Deprecated:  Function get_page_by_title is <strong>deprecated</strong> since version 6.2.0! Use WP_Query instead. in /Users/ivannikolic/Sites/split-airport/wp-includes/functions.php on line 6114
[01-Apr-2025 14:51:05 UTC] PHP Deprecated:  Function get_page_by_title is <strong>deprecated</strong> since version 6.2.0! Use WP_Query instead. in /Users/ivannikolic/Sites/split-airport/wp-includes/functions.php on line 6114
[01-Apr-2025 14:51:05 UTC] PHP Deprecated:  Function get_page_by_title is <strong>deprecated</strong> since version 6.2.0! Use WP_Query instead. in /Users/ivannikolic/Sites/split-airport/wp-includes/functions.php on line 6114
[01-Apr-2025 14:51:05 UTC] PHP Deprecated:  Function get_page_by_title is <strong>deprecated</strong> since version 6.2.0! Use WP_Query instead. in /Users/ivannikolic/Sites/split-airport/wp-includes/functions.php on line 6114
[01-Apr-2025 14:51:05 UTC] PHP Deprecated:  Function get_page_by_title is <strong>deprecated</strong> since version 6.2.0! Use WP_Query instead. in /Users/ivannikolic/Sites/split-airport/wp-includes/functions.php on line 6114
[01-Apr-2025 14:51:05 UTC] PHP Deprecated:  Function get_page_by_title is <strong>deprecated</strong> since version 6.2.0! Use WP_Query instead. in /Users/ivannikolic/Sites/split-airport/wp-includes/functions.php on line 6114
[01-Apr-2025 14:51:05 UTC] PHP Deprecated:  Function get_page_by_title is <strong>deprecated</strong> since version 6.2.0! Use WP_Query instead. in /Users/ivannikolic/Sites/split-airport/wp-includes/functions.php on line 6114
[01-Apr-2025 14:51:05 UTC] PHP Deprecated:  Function get_page_by_title is <strong>deprecated</strong> since version 6.2.0! Use WP_Query instead. in /Users/ivannikolic/Sites/split-airport/wp-includes/functions.php on line 6114
[01-Apr-2025 14:51:05 UTC] PHP Deprecated:  Function get_page_by_title is <strong>deprecated</strong> since version 6.2.0! Use WP_Query instead. in /Users/ivannikolic/Sites/split-airport/wp-includes/functions.php on line 6114
[01-Apr-2025 14:52:09 UTC] PHP Deprecated:  Function get_page_by_title is <strong>deprecated</strong> since version 6.2.0! Use WP_Query instead. in /Users/ivannikolic/Sites/split-airport/wp-includes/functions.php on line 6114
[01-Apr-2025 14:52:09 UTC] PHP Deprecated:  Function get_page_by_title is <strong>deprecated</strong> since version 6.2.0! Use WP_Query instead. in /Users/ivannikolic/Sites/split-airport/wp-includes/functions.php on line 6114
[01-Apr-2025 14:52:09 UTC] PHP Deprecated:  Function get_page_by_title is <strong>deprecated</strong> since version 6.2.0! Use WP_Query instead. in /Users/ivannikolic/Sites/split-airport/wp-includes/functions.php on line 6114
[01-Apr-2025 14:52:09 UTC] PHP Deprecated:  Function get_page_by_title is <strong>deprecated</strong> since version 6.2.0! Use WP_Query instead. in /Users/ivannikolic/Sites/split-airport/wp-includes/functions.php on line 6114
[01-Apr-2025 14:52:09 UTC] PHP Deprecated:  Function get_page_by_title is <strong>deprecated</strong> since version 6.2.0! Use WP_Query instead. in /Users/ivannikolic/Sites/split-airport/wp-includes/functions.php on line 6114
[01-Apr-2025 14:52:09 UTC] PHP Deprecated:  Function get_page_by_title is <strong>deprecated</strong> since version 6.2.0! Use WP_Query instead. in /Users/ivannikolic/Sites/split-airport/wp-includes/functions.php on line 6114
[01-Apr-2025 14:52:09 UTC] PHP Deprecated:  Function get_page_by_title is <strong>deprecated</strong> since version 6.2.0! Use WP_Query instead. in /Users/ivannikolic/Sites/split-airport/wp-includes/functions.php on line 6114
[01-Apr-2025 14:52:09 UTC] PHP Deprecated:  Function get_page_by_title is <strong>deprecated</strong> since version 6.2.0! Use WP_Query instead. in /Users/ivannikolic/Sites/split-airport/wp-includes/functions.php on line 6114
[01-Apr-2025 14:52:09 UTC] PHP Deprecated:  Function get_page_by_title is <strong>deprecated</strong> since version 6.2.0! Use WP_Query instead. in /Users/ivannikolic/Sites/split-airport/wp-includes/functions.php on line 6114
[01-Apr-2025 14:53:06 UTC] PHP Deprecated:  Function get_page_by_title is <strong>deprecated</strong> since version 6.2.0! Use WP_Query instead. in /Users/ivannikolic/Sites/split-airport/wp-includes/functions.php on line 6114
[01-Apr-2025 14:53:06 UTC] PHP Deprecated:  Function get_page_by_title is <strong>deprecated</strong> since version 6.2.0! Use WP_Query instead. in /Users/ivannikolic/Sites/split-airport/wp-includes/functions.php on line 6114
[01-Apr-2025 14:53:06 UTC] PHP Deprecated:  Function get_page_by_title is <strong>deprecated</strong> since version 6.2.0! Use WP_Query instead. in /Users/ivannikolic/Sites/split-airport/wp-includes/functions.php on line 6114
[01-Apr-2025 14:53:06 UTC] PHP Deprecated:  Function get_page_by_title is <strong>deprecated</strong> since version 6.2.0! Use WP_Query instead. in /Users/ivannikolic/Sites/split-airport/wp-includes/functions.php on line 6114
[01-Apr-2025 14:53:06 UTC] PHP Deprecated:  Function get_page_by_title is <strong>deprecated</strong> since version 6.2.0! Use WP_Query instead. in /Users/ivannikolic/Sites/split-airport/wp-includes/functions.php on line 6114
[01-Apr-2025 14:53:06 UTC] PHP Deprecated:  Function get_page_by_title is <strong>deprecated</strong> since version 6.2.0! Use WP_Query instead. in /Users/ivannikolic/Sites/split-airport/wp-includes/functions.php on line 6114
[01-Apr-2025 14:53:06 UTC] PHP Deprecated:  Function get_page_by_title is <strong>deprecated</strong> since version 6.2.0! Use WP_Query instead. in /Users/ivannikolic/Sites/split-airport/wp-includes/functions.php on line 6114
[01-Apr-2025 14:53:06 UTC] PHP Deprecated:  Function get_page_by_title is <strong>deprecated</strong> since version 6.2.0! Use WP_Query instead. in /Users/ivannikolic/Sites/split-airport/wp-includes/functions.php on line 6114
[01-Apr-2025 14:53:06 UTC] PHP Deprecated:  Function get_page_by_title is <strong>deprecated</strong> since version 6.2.0! Use WP_Query instead. in /Users/ivannikolic/Sites/split-airport/wp-includes/functions.php on line 6114
[01-Apr-2025 14:54:10 UTC] PHP Deprecated:  Function get_page_by_title is <strong>deprecated</strong> since version 6.2.0! Use WP_Query instead. in /Users/ivannikolic/Sites/split-airport/wp-includes/functions.php on line 6114
[01-Apr-2025 14:54:10 UTC] PHP Deprecated:  Function get_page_by_title is <strong>deprecated</strong> since version 6.2.0! Use WP_Query instead. in /Users/ivannikolic/Sites/split-airport/wp-includes/functions.php on line 6114
[01-Apr-2025 14:54:10 UTC] PHP Deprecated:  Function get_page_by_title is <strong>deprecated</strong> since version 6.2.0! Use WP_Query instead. in /Users/ivannikolic/Sites/split-airport/wp-includes/functions.php on line 6114
[01-Apr-2025 14:54:10 UTC] PHP Deprecated:  Function get_page_by_title is <strong>deprecated</strong> since version 6.2.0! Use WP_Query instead. in /Users/ivannikolic/Sites/split-airport/wp-includes/functions.php on line 6114
[01-Apr-2025 14:54:10 UTC] PHP Deprecated:  Function get_page_by_title is <strong>deprecated</strong> since version 6.2.0! Use WP_Query instead. in /Users/ivannikolic/Sites/split-airport/wp-includes/functions.php on line 6114
[01-Apr-2025 14:54:10 UTC] PHP Deprecated:  Function get_page_by_title is <strong>deprecated</strong> since version 6.2.0! Use WP_Query instead. in /Users/ivannikolic/Sites/split-airport/wp-includes/functions.php on line 6114
[01-Apr-2025 14:54:10 UTC] PHP Deprecated:  Function get_page_by_title is <strong>deprecated</strong> since version 6.2.0! Use WP_Query instead. in /Users/ivannikolic/Sites/split-airport/wp-includes/functions.php on line 6114
[01-Apr-2025 14:54:10 UTC] PHP Deprecated:  Function get_page_by_title is <strong>deprecated</strong> since version 6.2.0! Use WP_Query instead. in /Users/ivannikolic/Sites/split-airport/wp-includes/functions.php on line 6114
[01-Apr-2025 14:54:10 UTC] PHP Deprecated:  Function get_page_by_title is <strong>deprecated</strong> since version 6.2.0! Use WP_Query instead. in /Users/ivannikolic/Sites/split-airport/wp-includes/functions.php on line 6114
[01-Apr-2025 14:55:07 UTC] PHP Deprecated:  Function get_page_by_title is <strong>deprecated</strong> since version 6.2.0! Use WP_Query instead. in /Users/ivannikolic/Sites/split-airport/wp-includes/functions.php on line 6114
[01-Apr-2025 14:55:07 UTC] PHP Deprecated:  Function get_page_by_title is <strong>deprecated</strong> since version 6.2.0! Use WP_Query instead. in /Users/ivannikolic/Sites/split-airport/wp-includes/functions.php on line 6114
[01-Apr-2025 14:55:07 UTC] PHP Deprecated:  Function get_page_by_title is <strong>deprecated</strong> since version 6.2.0! Use WP_Query instead. in /Users/ivannikolic/Sites/split-airport/wp-includes/functions.php on line 6114
[01-Apr-2025 14:55:07 UTC] PHP Deprecated:  Function get_page_by_title is <strong>deprecated</strong> since version 6.2.0! Use WP_Query instead. in /Users/ivannikolic/Sites/split-airport/wp-includes/functions.php on line 6114
[01-Apr-2025 14:55:07 UTC] PHP Deprecated:  Function get_page_by_title is <strong>deprecated</strong> since version 6.2.0! Use WP_Query instead. in /Users/ivannikolic/Sites/split-airport/wp-includes/functions.php on line 6114
[01-Apr-2025 14:55:07 UTC] PHP Deprecated:  Function get_page_by_title is <strong>deprecated</strong> since version 6.2.0! Use WP_Query instead. in /Users/ivannikolic/Sites/split-airport/wp-includes/functions.php on line 6114
[01-Apr-2025 14:55:07 UTC] PHP Deprecated:  Function get_page_by_title is <strong>deprecated</strong> since version 6.2.0! Use WP_Query instead. in /Users/ivannikolic/Sites/split-airport/wp-includes/functions.php on line 6114
[01-Apr-2025 14:55:07 UTC] PHP Deprecated:  Function get_page_by_title is <strong>deprecated</strong> since version 6.2.0! Use WP_Query instead. in /Users/ivannikolic/Sites/split-airport/wp-includes/functions.php on line 6114
[01-Apr-2025 14:55:07 UTC] PHP Deprecated:  Function get_page_by_title is <strong>deprecated</strong> since version 6.2.0! Use WP_Query instead. in /Users/ivannikolic/Sites/split-airport/wp-includes/functions.php on line 6114
[01-Apr-2025 14:56:11 UTC] PHP Deprecated:  Function get_page_by_title is <strong>deprecated</strong> since version 6.2.0! Use WP_Query instead. in /Users/ivannikolic/Sites/split-airport/wp-includes/functions.php on line 6114
[01-Apr-2025 14:56:11 UTC] PHP Deprecated:  Function get_page_by_title is <strong>deprecated</strong> since version 6.2.0! Use WP_Query instead. in /Users/ivannikolic/Sites/split-airport/wp-includes/functions.php on line 6114
[01-Apr-2025 14:56:11 UTC] PHP Deprecated:  Function get_page_by_title is <strong>deprecated</strong> since version 6.2.0! Use WP_Query instead. in /Users/ivannikolic/Sites/split-airport/wp-includes/functions.php on line 6114
[01-Apr-2025 14:56:11 UTC] PHP Deprecated:  Function get_page_by_title is <strong>deprecated</strong> since version 6.2.0! Use WP_Query instead. in /Users/ivannikolic/Sites/split-airport/wp-includes/functions.php on line 6114
[01-Apr-2025 14:56:11 UTC] PHP Deprecated:  Function get_page_by_title is <strong>deprecated</strong> since version 6.2.0! Use WP_Query instead. in /Users/ivannikolic/Sites/split-airport/wp-includes/functions.php on line 6114
[01-Apr-2025 14:56:11 UTC] PHP Deprecated:  Function get_page_by_title is <strong>deprecated</strong> since version 6.2.0! Use WP_Query instead. in /Users/ivannikolic/Sites/split-airport/wp-includes/functions.php on line 6114
[01-Apr-2025 14:56:11 UTC] PHP Deprecated:  Function get_page_by_title is <strong>deprecated</strong> since version 6.2.0! Use WP_Query instead. in /Users/ivannikolic/Sites/split-airport/wp-includes/functions.php on line 6114
[01-Apr-2025 14:56:11 UTC] PHP Deprecated:  Function get_page_by_title is <strong>deprecated</strong> since version 6.2.0! Use WP_Query instead. in /Users/ivannikolic/Sites/split-airport/wp-includes/functions.php on line 6114
[01-Apr-2025 14:56:11 UTC] PHP Deprecated:  Function get_page_by_title is <strong>deprecated</strong> since version 6.2.0! Use WP_Query instead. in /Users/ivannikolic/Sites/split-airport/wp-includes/functions.php on line 6114
[01-Apr-2025 14:56:42 UTC] PHP Deprecated:  Function get_page_by_title is <strong>deprecated</strong> since version 6.2.0! Use WP_Query instead. in /Users/ivannikolic/Sites/split-airport/wp-includes/functions.php on line 6114
[01-Apr-2025 14:56:42 UTC] PHP Deprecated:  Function get_page_by_title is <strong>deprecated</strong> since version 6.2.0! Use WP_Query instead. in /Users/ivannikolic/Sites/split-airport/wp-includes/functions.php on line 6114
[01-Apr-2025 14:56:42 UTC] PHP Deprecated:  Function get_page_by_title is <strong>deprecated</strong> since version 6.2.0! Use WP_Query instead. in /Users/ivannikolic/Sites/split-airport/wp-includes/functions.php on line 6114
[01-Apr-2025 14:56:42 UTC] PHP Deprecated:  Function get_page_by_title is <strong>deprecated</strong> since version 6.2.0! Use WP_Query instead. in /Users/ivannikolic/Sites/split-airport/wp-includes/functions.php on line 6114
[01-Apr-2025 14:56:42 UTC] PHP Deprecated:  Function get_page_by_title is <strong>deprecated</strong> since version 6.2.0! Use WP_Query instead. in /Users/ivannikolic/Sites/split-airport/wp-includes/functions.php on line 6114
[01-Apr-2025 14:56:42 UTC] PHP Deprecated:  Function get_page_by_title is <strong>deprecated</strong> since version 6.2.0! Use WP_Query instead. in /Users/ivannikolic/Sites/split-airport/wp-includes/functions.php on line 6114
[01-Apr-2025 14:56:42 UTC] PHP Deprecated:  Function get_page_by_title is <strong>deprecated</strong> since version 6.2.0! Use WP_Query instead. in /Users/ivannikolic/Sites/split-airport/wp-includes/functions.php on line 6114
[01-Apr-2025 14:56:42 UTC] PHP Deprecated:  Function get_page_by_title is <strong>deprecated</strong> since version 6.2.0! Use WP_Query instead. in /Users/ivannikolic/Sites/split-airport/wp-includes/functions.php on line 6114
[01-Apr-2025 14:56:42 UTC] PHP Deprecated:  Function get_page_by_title is <strong>deprecated</strong> since version 6.2.0! Use WP_Query instead. in /Users/ivannikolic/Sites/split-airport/wp-includes/functions.php on line 6114
[01-Apr-2025 14:56:50 UTC] PHP Deprecated:  Function get_page_by_title is <strong>deprecated</strong> since version 6.2.0! Use WP_Query instead. in /Users/ivannikolic/Sites/split-airport/wp-includes/functions.php on line 6114
[01-Apr-2025 14:56:50 UTC] PHP Deprecated:  Function get_page_by_title is <strong>deprecated</strong> since version 6.2.0! Use WP_Query instead. in /Users/ivannikolic/Sites/split-airport/wp-includes/functions.php on line 6114
[01-Apr-2025 14:56:50 UTC] PHP Deprecated:  Function get_page_by_title is <strong>deprecated</strong> since version 6.2.0! Use WP_Query instead. in /Users/ivannikolic/Sites/split-airport/wp-includes/functions.php on line 6114
[01-Apr-2025 14:56:50 UTC] PHP Deprecated:  Function get_page_by_title is <strong>deprecated</strong> since version 6.2.0! Use WP_Query instead. in /Users/ivannikolic/Sites/split-airport/wp-includes/functions.php on line 6114
[01-Apr-2025 14:56:50 UTC] PHP Deprecated:  Function get_page_by_title is <strong>deprecated</strong> since version 6.2.0! Use WP_Query instead. in /Users/ivannikolic/Sites/split-airport/wp-includes/functions.php on line 6114
[01-Apr-2025 14:56:50 UTC] PHP Deprecated:  Function get_page_by_title is <strong>deprecated</strong> since version 6.2.0! Use WP_Query instead. in /Users/ivannikolic/Sites/split-airport/wp-includes/functions.php on line 6114
[01-Apr-2025 14:56:50 UTC] PHP Deprecated:  Function get_page_by_title is <strong>deprecated</strong> since version 6.2.0! Use WP_Query instead. in /Users/ivannikolic/Sites/split-airport/wp-includes/functions.php on line 6114
[01-Apr-2025 14:56:50 UTC] PHP Deprecated:  Function get_page_by_title is <strong>deprecated</strong> since version 6.2.0! Use WP_Query instead. in /Users/ivannikolic/Sites/split-airport/wp-includes/functions.php on line 6114
[01-Apr-2025 14:56:50 UTC] PHP Deprecated:  Function get_page_by_title is <strong>deprecated</strong> since version 6.2.0! Use WP_Query instead. in /Users/ivannikolic/Sites/split-airport/wp-includes/functions.php on line 6114
